<?xml version="1.0" encoding="UTF-8"?>
<!-- Generated by org.testng.reporters.JUnitReportReporter -->
<testsuite hostname="THINK" failures="0" tests="2" name="test123.VerifyAllHeaders" time="498.111" errors="0" timestamp="2022-03-10T23:42:13 IST" skipped="0">
  <testcase classname="test123.VerifyAllHeaders" name="test" time="196.808"/>
  <system-out/>
  <testcase classname="test123.VerifyAllHeaders" name="test" time="301.303"/>
  <system-out/>
</testsuite> <!-- test123.VerifyAllHeaders -->
