<?xml version="1.0" encoding="UTF-8"?>
<!-- Generated by org.testng.reporters.JUnitReportReporter -->
<testsuite hostname="THINK" failures="0" tests="2" name="test123.VerifyAddToCart" time="426.112" errors="0" timestamp="2022-03-10T23:42:13 IST" skipped="0">
  <testcase classname="test123.VerifyAddToCart" name="test" time="270.084"/>
  <system-out/>
  <testcase classname="test123.VerifyAddToCart" name="test" time="156.028"/>
  <system-out/>
</testsuite> <!-- test123.VerifyAddToCart -->
