<?xml version="1.0" encoding="UTF-8"?>
<!-- Generated by org.testng.reporters.JUnitReportReporter -->
<testsuite hostname="THINK" failures="0" tests="2" name="test123.VerfyAccountsAndList" time="446.833" errors="0" timestamp="2022-03-10T23:42:13 IST" skipped="0">
  <testcase classname="test123.VerfyAccountsAndList" name="test" time="249.479"/>
  <system-out/>
  <testcase classname="test123.VerfyAccountsAndList" name="test" time="197.354"/>
  <system-out/>
</testsuite> <!-- test123.VerfyAccountsAndList -->
