<?xml version="1.0" encoding="UTF-8"?>
<!-- Generated by org.testng.reporters.JUnitReportReporter -->
<testsuite hostname="THINK" failures="0" tests="1" name="test123.TestNG01" time="46.360" errors="0" timestamp="2022-02-22T17:35:31 IST" skipped="0">
  <testcase classname="test123.TestNG01" name="test" time="46.360"/>
  <system-out/>
</testsuite> <!-- test123.TestNG01 -->
